2020-08-18 16:19:07.621  INFO 13634 --- [main] com.prakash.docker.service.Applicattion  : Starting Applicattion on ubuntu with PID 13634 (/home/prakash-test/java-project/microservice-docker-k8s/microservice-1/target/classes started by prakash-test in /home/prakash-test/java-project/microservice-docker-k8s/microservice-1)
2020-08-18 16:19:07.630 DEBUG 13634 --- [main] com.prakash.docker.service.Applicattion  : Running with Spring Boot v2.2.4.RELEASE, Spring v5.2.3.RELEASE
2020-08-18 16:19:07.635  INFO 13634 --- [main] com.prakash.docker.service.Applicattion  : No active profile set, falling back to default profiles: default
2020-08-18 16:19:11.573  INFO 13634 --- [main] o.s.b.w.embedded.tomcat.TomcatWebServer  : Tomcat initialized with port(s): 8080 (http)
2020-08-18 16:19:11.604  INFO 13634 --- [main] o.apache.catalina.core.StandardService   : Starting service [Tomcat]
2020-08-18 16:19:11.605  INFO 13634 --- [main] org.apache.catalina.core.StandardEngine  : Starting Servlet engine: [Apache Tomcat/9.0.30]
2020-08-18 16:19:12.044  INFO 13634 --- [main] o.a.c.c.C.[Tomcat].[localhost].[/]       : Initializing Spring embedded WebApplicationContext
2020-08-18 16:19:12.044 DEBUG 13634 --- [main] o.s.web.context.ContextLoader            : Published root WebApplicationContext as ServletContext attribute with name [org.springframework.web.context.WebApplicationContext.ROOT]
2020-08-18 16:19:12.045  INFO 13634 --- [main] o.s.web.context.ContextLoader            : Root WebApplicationContext: initialization completed in 4191 ms
2020-08-18 16:19:12.586  INFO 13634 --- [main] o.s.s.concurrent.ThreadPoolTaskExecutor  : Initializing ExecutorService 'applicationTaskExecutor'
2020-08-18 16:19:12.607 DEBUG 13634 --- [main] s.w.s.m.m.a.RequestMappingHandlerAdapter : ControllerAdvice beans: 0 @ModelAttribute, 0 @InitBinder, 1 RequestBodyAdvice, 1 ResponseBodyAdvice
2020-08-18 16:19:12.751 DEBUG 13634 --- [main] s.w.s.m.m.a.RequestMappingHandlerMapping : 4 mappings in 'requestMappingHandlerMapping'
2020-08-18 16:19:12.779 DEBUG 13634 --- [main] o.s.w.s.h.BeanNameUrlHandlerMapping      : Detected 1 mappings in 'beanNameHandlerMapping'
2020-08-18 16:19:12.807 DEBUG 13634 --- [main] o.s.w.s.handler.SimpleUrlHandlerMapping  : Patterns [/webjars/**, /**] in 'resourceHandlerMapping'
2020-08-18 16:19:12.825 DEBUG 13634 --- [main] .m.m.a.ExceptionHandlerExceptionResolver : ControllerAdvice beans: 0 @ExceptionHandler, 1 ResponseBodyAdvice
2020-08-18 16:19:13.026  INFO 13634 --- [main] o.s.b.w.embedded.tomcat.TomcatWebServer  : Tomcat started on port(s): 8080 (http) with context path ''
2020-08-18 16:19:13.038  INFO 13634 --- [main] com.prakash.docker.service.Applicattion  : Started Applicattion in 8.255 seconds (JVM running for 14.833)
2020-08-18 16:19:38.913  INFO 13634 --- [http-nio-8080-exec-1] o.a.c.c.C.[Tomcat].[localhost].[/]       : Initializing Spring DispatcherServlet 'dispatcherServlet'
2020-08-18 16:19:38.916  INFO 13634 --- [http-nio-8080-exec-1] o.s.web.servlet.DispatcherServlet        : Initializing Servlet 'dispatcherServlet'
2020-08-18 16:19:38.918 DEBUG 13634 --- [http-nio-8080-exec-1] o.s.web.servlet.DispatcherServlet        : Detected StandardServletMultipartResolver
2020-08-18 16:19:38.946 DEBUG 13634 --- [http-nio-8080-exec-1] o.s.web.servlet.DispatcherServlet        : enableLoggingRequestDetails='false': request parameters and headers will be masked to prevent unsafe logging of potentially sensitive data
2020-08-18 16:19:38.947  INFO 13634 --- [http-nio-8080-exec-1] o.s.web.servlet.DispatcherServlet        : Completed initialization in 29 ms
2020-08-18 16:19:38.984 DEBUG 13634 --- [http-nio-8080-exec-1] o.s.web.servlet.DispatcherServlet        : GET "/v1/api", parameters={}
2020-08-18 16:19:39.012 DEBUG 13634 --- [http-nio-8080-exec-1] o.s.w.s.h.BeanNameUrlHandlerMapping      : Mapped to com.prakash.docker.service.controller.DummyController@620a9a27
2020-08-18 16:19:39.025 DEBUG 13634 --- [http-nio-8080-exec-1] o.s.web.servlet.DispatcherServlet        : Failed to complete request: javax.servlet.ServletException: No adapter for handler [com.prakash.docker.service.controller.DummyController@620a9a27]: The DispatcherServlet configuration needs to include a HandlerAdapter that supports this handler
2020-08-18 16:19:39.050 ERROR 13634 --- [http-nio-8080-exec-1] o.a.c.c.C.[.[.[/].[dispatcherServlet]    : Servlet.service() for servlet [dispatcherServlet] in context with path [] threw exception [No adapter for handler [com.prakash.docker.service.controller.DummyController@620a9a27]: The DispatcherServlet configuration needs to include a HandlerAdapter that supports this handler] with root cause

javax.servlet.ServletException: No adapter for handler [com.prakash.docker.service.controller.DummyController@620a9a27]: The DispatcherServlet configuration needs to include a HandlerAdapter that supports this handler
	at org.springframework.web.servlet.DispatcherServlet.getHandlerAdapter(DispatcherServlet.java:1275) ~[spring-webmvc-5.2.3.RELEASE.jar:5.2.3.RELEASE]
	at org.springframework.web.servlet.DispatcherServlet.doDispatch(DispatcherServlet.java:1023) ~[spring-webmvc-5.2.3.RELEASE.jar:5.2.3.RELEASE]
	at org.springframework.web.servlet.DispatcherServlet.doService(DispatcherServlet.java:943) ~[spring-webmvc-5.2.3.RELEASE.jar:5.2.3.RELEASE]
	at org.springframework.web.servlet.FrameworkServlet.processRequest(FrameworkServlet.java:1006) ~[spring-webmvc-5.2.3.RELEASE.jar:5.2.3.RELEASE]
	at org.springframework.web.servlet.FrameworkServlet.doGet(FrameworkServlet.java:898) ~[spring-webmvc-5.2.3.RELEASE.jar:5.2.3.RELEASE]
	at javax.servlet.http.HttpServlet.service(HttpServlet.java:634) ~[tomcat-embed-core-9.0.30.jar:9.0.30]
	at org.springframework.web.servlet.FrameworkServlet.service(FrameworkServlet.java:883) ~[spring-webmvc-5.2.3.RELEASE.jar:5.2.3.RELEASE]
	at javax.servlet.http.HttpServlet.service(HttpServlet.java:741) ~[tomcat-embed-core-9.0.30.jar:9.0.30]
	at org.apache.catalina.core.ApplicationFilterChain.internalDoFilter(ApplicationFilterChain.java:231) ~[tomcat-embed-core-9.0.30.jar:9.0.30]
	at org.apache.catalina.core.ApplicationFilterChain.doFilter(ApplicationFilterChain.java:166) ~[tomcat-embed-core-9.0.30.jar:9.0.30]
	at org.apache.tomcat.websocket.server.WsFilter.doFilter(WsFilter.java:53) ~[tomcat-embed-websocket-9.0.30.jar:9.0.30]
	at org.apache.catalina.core.ApplicationFilterChain.internalDoFilter(ApplicationFilterChain.java:193) ~[tomcat-embed-core-9.0.30.jar:9.0.30]
	at org.apache.catalina.core.ApplicationFilterChain.doFilter(ApplicationFilterChain.java:166) ~[tomcat-embed-core-9.0.30.jar:9.0.30]
	at org.springframework.web.filter.RequestContextFilter.doFilterInternal(RequestContextFilter.java:100) ~[spring-web-5.2.3.RELEASE.jar:5.2.3.RELEASE]
	at org.springframework.web.filter.OncePerRequestFilter.doFilter(OncePerRequestFilter.java:119) ~[spring-web-5.2.3.RELEASE.jar:5.2.3.RELEASE]
	at org.apache.catalina.core.ApplicationFilterChain.internalDoFilter(ApplicationFilterChain.java:193) ~[tomcat-embed-core-9.0.30.jar:9.0.30]
	at org.apache.catalina.core.ApplicationFilterChain.doFilter(ApplicationFilterChain.java:166) ~[tomcat-embed-core-9.0.30.jar:9.0.30]
	at org.springframework.web.filter.FormContentFilter.doFilterInternal(FormContentFilter.java:93) ~[spring-web-5.2.3.RELEASE.jar:5.2.3.RELEASE]
	at org.springframework.web.filter.OncePerRequestFilter.doFilter(OncePerRequestFilter.java:119) ~[spring-web-5.2.3.RELEASE.jar:5.2.3.RELEASE]
	at org.apache.catalina.core.ApplicationFilterChain.internalDoFilter(ApplicationFilterChain.java:193) ~[tomcat-embed-core-9.0.30.jar:9.0.30]
	at org.apache.catalina.core.ApplicationFilterChain.doFilter(ApplicationFilterChain.java:166) ~[tomcat-embed-core-9.0.30.jar:9.0.30]
	at org.springframework.web.filter.CharacterEncodingFilter.doFilterInternal(CharacterEncodingFilter.java:201) ~[spring-web-5.2.3.RELEASE.jar:5.2.3.RELEASE]
	at org.springframework.web.filter.OncePerRequestFilter.doFilter(OncePerRequestFilter.java:119) ~[spring-web-5.2.3.RELEASE.jar:5.2.3.RELEASE]
	at org.apache.catalina.core.ApplicationFilterChain.internalDoFilter(ApplicationFilterChain.java:193) ~[tomcat-embed-core-9.0.30.jar:9.0.30]
	at org.apache.catalina.core.ApplicationFilterChain.doFilter(ApplicationFilterChain.java:166) ~[tomcat-embed-core-9.0.30.jar:9.0.30]
	at org.apache.catalina.core.StandardWrapperValve.invoke(StandardWrapperValve.java:202) ~[tomcat-embed-core-9.0.30.jar:9.0.30]
	at org.apache.catalina.core.StandardContextValve.invoke(StandardContextValve.java:96) ~[tomcat-embed-core-9.0.30.jar:9.0.30]
	at org.apache.catalina.authenticator.AuthenticatorBase.invoke(AuthenticatorBase.java:541) ~[tomcat-embed-core-9.0.30.jar:9.0.30]
	at org.apache.catalina.core.StandardHostValve.invoke(StandardHostValve.java:139) ~[tomcat-embed-core-9.0.30.jar:9.0.30]
	at org.apache.catalina.valves.ErrorReportValve.invoke(ErrorReportValve.java:92) ~[tomcat-embed-core-9.0.30.jar:9.0.30]
	at org.apache.catalina.core.StandardEngineValve.invoke(StandardEngineValve.java:74) ~[tomcat-embed-core-9.0.30.jar:9.0.30]
	at org.apache.catalina.connector.CoyoteAdapter.service(CoyoteAdapter.java:343) ~[tomcat-embed-core-9.0.30.jar:9.0.30]
	at org.apache.coyote.http11.Http11Processor.service(Http11Processor.java:367) ~[tomcat-embed-core-9.0.30.jar:9.0.30]
	at org.apache.coyote.AbstractProcessorLight.process(AbstractProcessorLight.java:65) ~[tomcat-embed-core-9.0.30.jar:9.0.30]
	at org.apache.coyote.AbstractProtocol$ConnectionHandler.process(AbstractProtocol.java:860) ~[tomcat-embed-core-9.0.30.jar:9.0.30]
	at org.apache.tomcat.util.net.NioEndpoint$SocketProcessor.doRun(NioEndpoint.java:1598) ~[tomcat-embed-core-9.0.30.jar:9.0.30]
	at org.apache.tomcat.util.net.SocketProcessorBase.run(SocketProcessorBase.java:49) ~[tomcat-embed-core-9.0.30.jar:9.0.30]
	at java.base/java.util.concurrent.ThreadPoolExecutor.runWorker(ThreadPoolExecutor.java:1128) ~[na:na]
	at java.base/java.util.concurrent.ThreadPoolExecutor$Worker.run(ThreadPoolExecutor.java:628) ~[na:na]
	at org.apache.tomcat.util.threads.TaskThread$WrappingRunnable.run(TaskThread.java:61) ~[tomcat-embed-core-9.0.30.jar:9.0.30]
	at java.base/java.lang.Thread.run(Thread.java:830) ~[na:na]

2020-08-18 16:19:39.062 DEBUG 13634 --- [http-nio-8080-exec-1] o.s.web.servlet.DispatcherServlet        : "ERROR" dispatch for GET "/error", parameters={}
2020-08-18 16:19:39.087 DEBUG 13634 --- [http-nio-8080-exec-1] s.w.s.m.m.a.RequestMappingHandlerMapping : Mapped to org.springframework.boot.autoconfigure.web.servlet.error.BasicErrorController#errorHtml(HttpServletRequest, HttpServletResponse)
2020-08-18 16:19:39.141 DEBUG 13634 --- [http-nio-8080-exec-1] o.s.w.s.v.ContentNegotiatingViewResolver : Selected 'text/html' given [text/html, text/html;q=0.8]
2020-08-18 16:19:39.154 DEBUG 13634 --- [http-nio-8080-exec-1] o.s.web.servlet.DispatcherServlet        : Exiting from "ERROR" dispatch, status 500
2020-08-18 16:20:59.005  INFO 13634 --- [SpringContextShutdownHook] o.s.s.concurrent.ThreadPoolTaskExecutor  : Shutting down ExecutorService 'applicationTaskExecutor'
2020-08-18 16:21:07.414  INFO 13746 --- [main] com.prakash.docker.service.Applicattion  : Starting Applicattion on ubuntu with PID 13746 (/home/prakash-test/java-project/microservice-docker-k8s/microservice-1/target/classes started by prakash-test in /home/prakash-test/java-project/microservice-docker-k8s/microservice-1)
2020-08-18 16:21:07.423 DEBUG 13746 --- [main] com.prakash.docker.service.Applicattion  : Running with Spring Boot v2.2.4.RELEASE, Spring v5.2.3.RELEASE
2020-08-18 16:21:07.428  INFO 13746 --- [main] com.prakash.docker.service.Applicattion  : No active profile set, falling back to default profiles: default
2020-08-18 16:21:09.785  INFO 13746 --- [main] o.s.b.w.embedded.tomcat.TomcatWebServer  : Tomcat initialized with port(s): 8080 (http)
2020-08-18 16:21:09.806  INFO 13746 --- [main] o.apache.catalina.core.StandardService   : Starting service [Tomcat]
2020-08-18 16:21:09.807  INFO 13746 --- [main] org.apache.catalina.core.StandardEngine  : Starting Servlet engine: [Apache Tomcat/9.0.30]
2020-08-18 16:21:09.979  INFO 13746 --- [main] o.a.c.c.C.[Tomcat].[localhost].[/]       : Initializing Spring embedded WebApplicationContext
2020-08-18 16:21:09.979 DEBUG 13746 --- [main] o.s.web.context.ContextLoader            : Published root WebApplicationContext as ServletContext attribute with name [org.springframework.web.context.WebApplicationContext.ROOT]
2020-08-18 16:21:09.980  INFO 13746 --- [main] o.s.web.context.ContextLoader            : Root WebApplicationContext: initialization completed in 2334 ms
2020-08-18 16:21:10.376  INFO 13746 --- [main] o.s.s.concurrent.ThreadPoolTaskExecutor  : Initializing ExecutorService 'applicationTaskExecutor'
2020-08-18 16:21:10.395 DEBUG 13746 --- [main] s.w.s.m.m.a.RequestMappingHandlerAdapter : ControllerAdvice beans: 0 @ModelAttribute, 0 @InitBinder, 1 RequestBodyAdvice, 1 ResponseBodyAdvice
2020-08-18 16:21:10.543 DEBUG 13746 --- [main] s.w.s.m.m.a.RequestMappingHandlerMapping : 4 mappings in 'requestMappingHandlerMapping'
2020-08-18 16:21:10.574 DEBUG 13746 --- [main] o.s.w.s.h.BeanNameUrlHandlerMapping      : Detected 1 mappings in 'beanNameHandlerMapping'
2020-08-18 16:21:10.608 DEBUG 13746 --- [main] o.s.w.s.handler.SimpleUrlHandlerMapping  : Patterns [/webjars/**, /**] in 'resourceHandlerMapping'
2020-08-18 16:21:10.628 DEBUG 13746 --- [main] .m.m.a.ExceptionHandlerExceptionResolver : ControllerAdvice beans: 0 @ExceptionHandler, 1 ResponseBodyAdvice
2020-08-18 16:21:10.816  INFO 13746 --- [main] o.s.b.w.embedded.tomcat.TomcatWebServer  : Tomcat started on port(s): 8080 (http) with context path ''
2020-08-18 16:21:10.829  INFO 13746 --- [main] com.prakash.docker.service.Applicattion  : Started Applicattion in 4.421 seconds (JVM running for 5.119)
2020-08-18 16:21:16.232  INFO 13746 --- [http-nio-8080-exec-1] o.a.c.c.C.[Tomcat].[localhost].[/]       : Initializing Spring DispatcherServlet 'dispatcherServlet'
2020-08-18 16:21:16.237  INFO 13746 --- [http-nio-8080-exec-1] o.s.web.servlet.DispatcherServlet        : Initializing Servlet 'dispatcherServlet'
2020-08-18 16:21:16.238 DEBUG 13746 --- [http-nio-8080-exec-1] o.s.web.servlet.DispatcherServlet        : Detected StandardServletMultipartResolver
2020-08-18 16:21:16.258 DEBUG 13746 --- [http-nio-8080-exec-1] o.s.web.servlet.DispatcherServlet        : enableLoggingRequestDetails='false': request parameters and headers will be masked to prevent unsafe logging of potentially sensitive data
2020-08-18 16:21:16.259  INFO 13746 --- [http-nio-8080-exec-1] o.s.web.servlet.DispatcherServlet        : Completed initialization in 22 ms
2020-08-18 16:21:16.282 DEBUG 13746 --- [http-nio-8080-exec-1] o.s.web.servlet.DispatcherServlet        : GET "/v1/api", parameters={}
2020-08-18 16:21:16.308 DEBUG 13746 --- [http-nio-8080-exec-1] o.s.w.s.h.BeanNameUrlHandlerMapping      : Mapped to com.prakash.docker.service.controller.DummyController@795932de
2020-08-18 16:21:16.320 DEBUG 13746 --- [http-nio-8080-exec-1] o.s.web.servlet.DispatcherServlet        : Failed to complete request: javax.servlet.ServletException: No adapter for handler [com.prakash.docker.service.controller.DummyController@795932de]: The DispatcherServlet configuration needs to include a HandlerAdapter that supports this handler
2020-08-18 16:21:16.334 ERROR 13746 --- [http-nio-8080-exec-1] o.a.c.c.C.[.[.[/].[dispatcherServlet]    : Servlet.service() for servlet [dispatcherServlet] in context with path [] threw exception [No adapter for handler [com.prakash.docker.service.controller.DummyController@795932de]: The DispatcherServlet configuration needs to include a HandlerAdapter that supports this handler] with root cause

javax.servlet.ServletException: No adapter for handler [com.prakash.docker.service.controller.DummyController@795932de]: The DispatcherServlet configuration needs to include a HandlerAdapter that supports this handler
	at org.springframework.web.servlet.DispatcherServlet.getHandlerAdapter(DispatcherServlet.java:1275) ~[spring-webmvc-5.2.3.RELEASE.jar:5.2.3.RELEASE]
	at org.springframework.web.servlet.DispatcherServlet.doDispatch(DispatcherServlet.java:1023) ~[spring-webmvc-5.2.3.RELEASE.jar:5.2.3.RELEASE]
	at org.springframework.web.servlet.DispatcherServlet.doService(DispatcherServlet.java:943) ~[spring-webmvc-5.2.3.RELEASE.jar:5.2.3.RELEASE]
	at org.springframework.web.servlet.FrameworkServlet.processRequest(FrameworkServlet.java:1006) ~[spring-webmvc-5.2.3.RELEASE.jar:5.2.3.RELEASE]
	at org.springframework.web.servlet.FrameworkServlet.doGet(FrameworkServlet.java:898) ~[spring-webmvc-5.2.3.RELEASE.jar:5.2.3.RELEASE]
	at javax.servlet.http.HttpServlet.service(HttpServlet.java:634) ~[tomcat-embed-core-9.0.30.jar:9.0.30]
	at org.springframework.web.servlet.FrameworkServlet.service(FrameworkServlet.java:883) ~[spring-webmvc-5.2.3.RELEASE.jar:5.2.3.RELEASE]
	at javax.servlet.http.HttpServlet.service(HttpServlet.java:741) ~[tomcat-embed-core-9.0.30.jar:9.0.30]
	at org.apache.catalina.core.ApplicationFilterChain.internalDoFilter(ApplicationFilterChain.java:231) ~[tomcat-embed-core-9.0.30.jar:9.0.30]
	at org.apache.catalina.core.ApplicationFilterChain.doFilter(ApplicationFilterChain.java:166) ~[tomcat-embed-core-9.0.30.jar:9.0.30]
	at org.apache.tomcat.websocket.server.WsFilter.doFilter(WsFilter.java:53) ~[tomcat-embed-websocket-9.0.30.jar:9.0.30]
	at org.apache.catalina.core.ApplicationFilterChain.internalDoFilter(ApplicationFilterChain.java:193) ~[tomcat-embed-core-9.0.30.jar:9.0.30]
	at org.apache.catalina.core.ApplicationFilterChain.doFilter(ApplicationFilterChain.java:166) ~[tomcat-embed-core-9.0.30.jar:9.0.30]
	at org.springframework.web.filter.RequestContextFilter.doFilterInternal(RequestContextFilter.java:100) ~[spring-web-5.2.3.RELEASE.jar:5.2.3.RELEASE]
	at org.springframework.web.filter.OncePerRequestFilter.doFilter(OncePerRequestFilter.java:119) ~[spring-web-5.2.3.RELEASE.jar:5.2.3.RELEASE]
	at org.apache.catalina.core.ApplicationFilterChain.internalDoFilter(ApplicationFilterChain.java:193) ~[tomcat-embed-core-9.0.30.jar:9.0.30]
	at org.apache.catalina.core.ApplicationFilterChain.doFilter(ApplicationFilterChain.java:166) ~[tomcat-embed-core-9.0.30.jar:9.0.30]
	at org.springframework.web.filter.FormContentFilter.doFilterInternal(FormContentFilter.java:93) ~[spring-web-5.2.3.RELEASE.jar:5.2.3.RELEASE]
	at org.springframework.web.filter.OncePerRequestFilter.doFilter(OncePerRequestFilter.java:119) ~[spring-web-5.2.3.RELEASE.jar:5.2.3.RELEASE]
	at org.apache.catalina.core.ApplicationFilterChain.internalDoFilter(ApplicationFilterChain.java:193) ~[tomcat-embed-core-9.0.30.jar:9.0.30]
	at org.apache.catalina.core.ApplicationFilterChain.doFilter(ApplicationFilterChain.java:166) ~[tomcat-embed-core-9.0.30.jar:9.0.30]
	at org.springframework.web.filter.CharacterEncodingFilter.doFilterInternal(CharacterEncodingFilter.java:201) ~[spring-web-5.2.3.RELEASE.jar:5.2.3.RELEASE]
	at org.springframework.web.filter.OncePerRequestFilter.doFilter(OncePerRequestFilter.java:119) ~[spring-web-5.2.3.RELEASE.jar:5.2.3.RELEASE]
	at org.apache.catalina.core.ApplicationFilterChain.internalDoFilter(ApplicationFilterChain.java:193) ~[tomcat-embed-core-9.0.30.jar:9.0.30]
	at org.apache.catalina.core.ApplicationFilterChain.doFilter(ApplicationFilterChain.java:166) ~[tomcat-embed-core-9.0.30.jar:9.0.30]
	at org.apache.catalina.core.StandardWrapperValve.invoke(StandardWrapperValve.java:202) ~[tomcat-embed-core-9.0.30.jar:9.0.30]
	at org.apache.catalina.core.StandardContextValve.invoke(StandardContextValve.java:96) ~[tomcat-embed-core-9.0.30.jar:9.0.30]
	at org.apache.catalina.authenticator.AuthenticatorBase.invoke(AuthenticatorBase.java:541) ~[tomcat-embed-core-9.0.30.jar:9.0.30]
	at org.apache.catalina.core.StandardHostValve.invoke(StandardHostValve.java:139) ~[tomcat-embed-core-9.0.30.jar:9.0.30]
	at org.apache.catalina.valves.ErrorReportValve.invoke(ErrorReportValve.java:92) ~[tomcat-embed-core-9.0.30.jar:9.0.30]
	at org.apache.catalina.core.StandardEngineValve.invoke(StandardEngineValve.java:74) ~[tomcat-embed-core-9.0.30.jar:9.0.30]
	at org.apache.catalina.connector.CoyoteAdapter.service(CoyoteAdapter.java:343) ~[tomcat-embed-core-9.0.30.jar:9.0.30]
	at org.apache.coyote.http11.Http11Processor.service(Http11Processor.java:367) ~[tomcat-embed-core-9.0.30.jar:9.0.30]
	at org.apache.coyote.AbstractProcessorLight.process(AbstractProcessorLight.java:65) ~[tomcat-embed-core-9.0.30.jar:9.0.30]
	at org.apache.coyote.AbstractProtocol$ConnectionHandler.process(AbstractProtocol.java:860) ~[tomcat-embed-core-9.0.30.jar:9.0.30]
	at org.apache.tomcat.util.net.NioEndpoint$SocketProcessor.doRun(NioEndpoint.java:1598) ~[tomcat-embed-core-9.0.30.jar:9.0.30]
	at org.apache.tomcat.util.net.SocketProcessorBase.run(SocketProcessorBase.java:49) ~[tomcat-embed-core-9.0.30.jar:9.0.30]
	at java.base/java.util.concurrent.ThreadPoolExecutor.runWorker(ThreadPoolExecutor.java:1128) ~[na:na]
	at java.base/java.util.concurrent.ThreadPoolExecutor$Worker.run(ThreadPoolExecutor.java:628) ~[na:na]
	at org.apache.tomcat.util.threads.TaskThread$WrappingRunnable.run(TaskThread.java:61) ~[tomcat-embed-core-9.0.30.jar:9.0.30]
	at java.base/java.lang.Thread.run(Thread.java:830) ~[na:na]

2020-08-18 16:21:16.348 DEBUG 13746 --- [http-nio-8080-exec-1] o.s.web.servlet.DispatcherServlet        : "ERROR" dispatch for GET "/error", parameters={}
2020-08-18 16:21:16.356 DEBUG 13746 --- [http-nio-8080-exec-1] s.w.s.m.m.a.RequestMappingHandlerMapping : Mapped to org.springframework.boot.autoconfigure.web.servlet.error.BasicErrorController#errorHtml(HttpServletRequest, HttpServletResponse)
2020-08-18 16:21:16.399 DEBUG 13746 --- [http-nio-8080-exec-1] o.s.w.s.v.ContentNegotiatingViewResolver : Selected 'text/html' given [text/html, text/html;q=0.8]
2020-08-18 16:21:16.410 DEBUG 13746 --- [http-nio-8080-exec-1] o.s.web.servlet.DispatcherServlet        : Exiting from "ERROR" dispatch, status 500
2020-08-18 16:25:32.777  INFO 13746 --- [SpringContextShutdownHook] o.s.s.concurrent.ThreadPoolTaskExecutor  : Shutting down ExecutorService 'applicationTaskExecutor'
2020-08-18 16:25:53.404  INFO 14064 --- [main] com.prakash.docker.service.Applicattion  : Starting Applicattion on ubuntu with PID 14064 (/home/prakash-test/java-project/microservice-docker-k8s/microservice-1/target/classes started by prakash-test in /home/prakash-test/java-project/microservice-docker-k8s/microservice-1)
2020-08-18 16:25:53.433 DEBUG 14064 --- [main] com.prakash.docker.service.Applicattion  : Running with Spring Boot v2.2.4.RELEASE, Spring v5.2.3.RELEASE
2020-08-18 16:25:53.438  INFO 14064 --- [main] com.prakash.docker.service.Applicattion  : No active profile set, falling back to default profiles: default
2020-08-18 16:25:56.770  INFO 14064 --- [main] o.s.b.w.embedded.tomcat.TomcatWebServer  : Tomcat initialized with port(s): 8080 (http)
2020-08-18 16:25:56.868  INFO 14064 --- [main] o.apache.catalina.core.StandardService   : Starting service [Tomcat]
2020-08-18 16:25:56.869  INFO 14064 --- [main] org.apache.catalina.core.StandardEngine  : Starting Servlet engine: [Apache Tomcat/9.0.30]
2020-08-18 16:25:57.161  INFO 14064 --- [main] o.a.c.c.C.[Tomcat].[localhost].[/]       : Initializing Spring embedded WebApplicationContext
2020-08-18 16:25:57.164 DEBUG 14064 --- [main] o.s.web.context.ContextLoader            : Published root WebApplicationContext as ServletContext attribute with name [org.springframework.web.context.WebApplicationContext.ROOT]
2020-08-18 16:25:57.164  INFO 14064 --- [main] o.s.web.context.ContextLoader            : Root WebApplicationContext: initialization completed in 3566 ms
2020-08-18 16:25:57.775  INFO 14064 --- [main] o.s.s.concurrent.ThreadPoolTaskExecutor  : Initializing ExecutorService 'applicationTaskExecutor'
2020-08-18 16:25:57.796 DEBUG 14064 --- [main] s.w.s.m.m.a.RequestMappingHandlerAdapter : ControllerAdvice beans: 0 @ModelAttribute, 0 @InitBinder, 1 RequestBodyAdvice, 1 ResponseBodyAdvice
2020-08-18 16:25:58.023 DEBUG 14064 --- [main] s.w.s.m.m.a.RequestMappingHandlerMapping : 4 mappings in 'requestMappingHandlerMapping'
2020-08-18 16:25:58.049 DEBUG 14064 --- [main] o.s.w.s.h.BeanNameUrlHandlerMapping      : Detected 1 mappings in 'beanNameHandlerMapping'
2020-08-18 16:25:58.086 DEBUG 14064 --- [main] o.s.w.s.handler.SimpleUrlHandlerMapping  : Patterns [/webjars/**, /**] in 'resourceHandlerMapping'
2020-08-18 16:25:58.107 DEBUG 14064 --- [main] .m.m.a.ExceptionHandlerExceptionResolver : ControllerAdvice beans: 0 @ExceptionHandler, 1 ResponseBodyAdvice
2020-08-18 16:25:58.278  INFO 14064 --- [main] o.s.b.w.embedded.tomcat.TomcatWebServer  : Tomcat started on port(s): 8080 (http) with context path ''
2020-08-18 16:25:58.296  INFO 14064 --- [main] com.prakash.docker.service.Applicattion  : Started Applicattion in 6.78 seconds (JVM running for 9.609)
2020-08-18 16:26:20.403  INFO 14064 --- [http-nio-8080-exec-1] o.a.c.c.C.[Tomcat].[localhost].[/]       : Initializing Spring DispatcherServlet 'dispatcherServlet'
2020-08-18 16:26:20.417  INFO 14064 --- [http-nio-8080-exec-1] o.s.web.servlet.DispatcherServlet        : Initializing Servlet 'dispatcherServlet'
2020-08-18 16:26:20.418 DEBUG 14064 --- [http-nio-8080-exec-1] o.s.web.servlet.DispatcherServlet        : Detected StandardServletMultipartResolver
2020-08-18 16:26:20.444 DEBUG 14064 --- [http-nio-8080-exec-1] o.s.web.servlet.DispatcherServlet        : enableLoggingRequestDetails='false': request parameters and headers will be masked to prevent unsafe logging of potentially sensitive data
2020-08-18 16:26:20.445  INFO 14064 --- [http-nio-8080-exec-1] o.s.web.servlet.DispatcherServlet        : Completed initialization in 28 ms
2020-08-18 16:26:20.473 DEBUG 14064 --- [http-nio-8080-exec-1] o.s.web.servlet.DispatcherServlet        : GET "/v1/api", parameters={}
2020-08-18 16:26:20.488 DEBUG 14064 --- [http-nio-8080-exec-1] o.s.w.s.h.BeanNameUrlHandlerMapping      : Mapped to com.prakash.docker.service.controller.DummyController@4d5d89b4
2020-08-18 16:26:20.493 DEBUG 14064 --- [http-nio-8080-exec-1] o.s.web.servlet.DispatcherServlet        : Failed to complete request: javax.servlet.ServletException: No adapter for handler [com.prakash.docker.service.controller.DummyController@4d5d89b4]: The DispatcherServlet configuration needs to include a HandlerAdapter that supports this handler
2020-08-18 16:26:20.518 ERROR 14064 --- [http-nio-8080-exec-1] o.a.c.c.C.[.[.[/].[dispatcherServlet]    : Servlet.service() for servlet [dispatcherServlet] in context with path [] threw exception [No adapter for handler [com.prakash.docker.service.controller.DummyController@4d5d89b4]: The DispatcherServlet configuration needs to include a HandlerAdapter that supports this handler] with root cause

javax.servlet.ServletException: No adapter for handler [com.prakash.docker.service.controller.DummyController@4d5d89b4]: The DispatcherServlet configuration needs to include a HandlerAdapter that supports this handler
	at org.springframework.web.servlet.DispatcherServlet.getHandlerAdapter(DispatcherServlet.java:1275) ~[spring-webmvc-5.2.3.RELEASE.jar:5.2.3.RELEASE]
	at org.springframework.web.servlet.DispatcherServlet.doDispatch(DispatcherServlet.java:1023) ~[spring-webmvc-5.2.3.RELEASE.jar:5.2.3.RELEASE]
	at org.springframework.web.servlet.DispatcherServlet.doService(DispatcherServlet.java:943) ~[spring-webmvc-5.2.3.RELEASE.jar:5.2.3.RELEASE]
	at org.springframework.web.servlet.FrameworkServlet.processRequest(FrameworkServlet.java:1006) ~[spring-webmvc-5.2.3.RELEASE.jar:5.2.3.RELEASE]
	at org.springframework.web.servlet.FrameworkServlet.doGet(FrameworkServlet.java:898) ~[spring-webmvc-5.2.3.RELEASE.jar:5.2.3.RELEASE]
	at javax.servlet.http.HttpServlet.service(HttpServlet.java:634) ~[tomcat-embed-core-9.0.30.jar:9.0.30]
	at org.springframework.web.servlet.FrameworkServlet.service(FrameworkServlet.java:883) ~[spring-webmvc-5.2.3.RELEASE.jar:5.2.3.RELEASE]
	at javax.servlet.http.HttpServlet.service(HttpServlet.java:741) ~[tomcat-embed-core-9.0.30.jar:9.0.30]
	at org.apache.catalina.core.ApplicationFilterChain.internalDoFilter(ApplicationFilterChain.java:231) ~[tomcat-embed-core-9.0.30.jar:9.0.30]
	at org.apache.catalina.core.ApplicationFilterChain.doFilter(ApplicationFilterChain.java:166) ~[tomcat-embed-core-9.0.30.jar:9.0.30]
	at org.apache.tomcat.websocket.server.WsFilter.doFilter(WsFilter.java:53) ~[tomcat-embed-websocket-9.0.30.jar:9.0.30]
	at org.apache.catalina.core.ApplicationFilterChain.internalDoFilter(ApplicationFilterChain.java:193) ~[tomcat-embed-core-9.0.30.jar:9.0.30]
	at org.apache.catalina.core.ApplicationFilterChain.doFilter(ApplicationFilterChain.java:166) ~[tomcat-embed-core-9.0.30.jar:9.0.30]
	at org.springframework.web.filter.RequestContextFilter.doFilterInternal(RequestContextFilter.java:100) ~[spring-web-5.2.3.RELEASE.jar:5.2.3.RELEASE]
	at org.springframework.web.filter.OncePerRequestFilter.doFilter(OncePerRequestFilter.java:119) ~[spring-web-5.2.3.RELEASE.jar:5.2.3.RELEASE]
	at org.apache.catalina.core.ApplicationFilterChain.internalDoFilter(ApplicationFilterChain.java:193) ~[tomcat-embed-core-9.0.30.jar:9.0.30]
	at org.apache.catalina.core.ApplicationFilterChain.doFilter(ApplicationFilterChain.java:166) ~[tomcat-embed-core-9.0.30.jar:9.0.30]
	at org.springframework.web.filter.FormContentFilter.doFilterInternal(FormContentFilter.java:93) ~[spring-web-5.2.3.RELEASE.jar:5.2.3.RELEASE]
	at org.springframework.web.filter.OncePerRequestFilter.doFilter(OncePerRequestFilter.java:119) ~[spring-web-5.2.3.RELEASE.jar:5.2.3.RELEASE]
	at org.apache.catalina.core.ApplicationFilterChain.internalDoFilter(ApplicationFilterChain.java:193) ~[tomcat-embed-core-9.0.30.jar:9.0.30]
	at org.apache.catalina.core.ApplicationFilterChain.doFilter(ApplicationFilterChain.java:166) ~[tomcat-embed-core-9.0.30.jar:9.0.30]
	at org.springframework.web.filter.CharacterEncodingFilter.doFilterInternal(CharacterEncodingFilter.java:201) ~[spring-web-5.2.3.RELEASE.jar:5.2.3.RELEASE]
	at org.springframework.web.filter.OncePerRequestFilter.doFilter(OncePerRequestFilter.java:119) ~[spring-web-5.2.3.RELEASE.jar:5.2.3.RELEASE]
	at org.apache.catalina.core.ApplicationFilterChain.internalDoFilter(ApplicationFilterChain.java:193) ~[tomcat-embed-core-9.0.30.jar:9.0.30]
	at org.apache.catalina.core.ApplicationFilterChain.doFilter(ApplicationFilterChain.java:166) ~[tomcat-embed-core-9.0.30.jar:9.0.30]
	at org.apache.catalina.core.StandardWrapperValve.invoke(StandardWrapperValve.java:202) ~[tomcat-embed-core-9.0.30.jar:9.0.30]
	at org.apache.catalina.core.StandardContextValve.invoke(StandardContextValve.java:96) ~[tomcat-embed-core-9.0.30.jar:9.0.30]
	at org.apache.catalina.authenticator.AuthenticatorBase.invoke(AuthenticatorBase.java:541) ~[tomcat-embed-core-9.0.30.jar:9.0.30]
	at org.apache.catalina.core.StandardHostValve.invoke(StandardHostValve.java:139) ~[tomcat-embed-core-9.0.30.jar:9.0.30]
	at org.apache.catalina.valves.ErrorReportValve.invoke(ErrorReportValve.java:92) ~[tomcat-embed-core-9.0.30.jar:9.0.30]
	at org.apache.catalina.core.StandardEngineValve.invoke(StandardEngineValve.java:74) ~[tomcat-embed-core-9.0.30.jar:9.0.30]
	at org.apache.catalina.connector.CoyoteAdapter.service(CoyoteAdapter.java:343) ~[tomcat-embed-core-9.0.30.jar:9.0.30]
	at org.apache.coyote.http11.Http11Processor.service(Http11Processor.java:367) ~[tomcat-embed-core-9.0.30.jar:9.0.30]
	at org.apache.coyote.AbstractProcessorLight.process(AbstractProcessorLight.java:65) ~[tomcat-embed-core-9.0.30.jar:9.0.30]
	at org.apache.coyote.AbstractProtocol$ConnectionHandler.process(AbstractProtocol.java:860) ~[tomcat-embed-core-9.0.30.jar:9.0.30]
	at org.apache.tomcat.util.net.NioEndpoint$SocketProcessor.doRun(NioEndpoint.java:1598) ~[tomcat-embed-core-9.0.30.jar:9.0.30]
	at org.apache.tomcat.util.net.SocketProcessorBase.run(SocketProcessorBase.java:49) ~[tomcat-embed-core-9.0.30.jar:9.0.30]
	at java.base/java.util.concurrent.ThreadPoolExecutor.runWorker(ThreadPoolExecutor.java:1128) ~[na:na]
	at java.base/java.util.concurrent.ThreadPoolExecutor$Worker.run(ThreadPoolExecutor.java:628) ~[na:na]
	at org.apache.tomcat.util.threads.TaskThread$WrappingRunnable.run(TaskThread.java:61) ~[tomcat-embed-core-9.0.30.jar:9.0.30]
	at java.base/java.lang.Thread.run(Thread.java:830) ~[na:na]

2020-08-18 16:26:20.541 DEBUG 14064 --- [http-nio-8080-exec-1] o.s.web.servlet.DispatcherServlet        : "ERROR" dispatch for GET "/error", parameters={}
2020-08-18 16:26:20.549 DEBUG 14064 --- [http-nio-8080-exec-1] s.w.s.m.m.a.RequestMappingHandlerMapping : Mapped to org.springframework.boot.autoconfigure.web.servlet.error.BasicErrorController#errorHtml(HttpServletRequest, HttpServletResponse)
2020-08-18 16:26:20.628 DEBUG 14064 --- [http-nio-8080-exec-1] o.s.w.s.v.ContentNegotiatingViewResolver : Selected 'text/html' given [text/html, text/html;q=0.8]
2020-08-18 16:26:20.640 DEBUG 14064 --- [http-nio-8080-exec-1] o.s.web.servlet.DispatcherServlet        : Exiting from "ERROR" dispatch, status 500
2020-08-18 16:27:02.223 DEBUG 14064 --- [http-nio-8080-exec-3] o.s.web.servlet.DispatcherServlet        : GET "/v1/api", parameters={}
2020-08-18 16:27:02.235 DEBUG 14064 --- [http-nio-8080-exec-3] o.s.w.s.h.BeanNameUrlHandlerMapping      : Mapped to com.prakash.docker.service.controller.DummyController@4d5d89b4
2020-08-18 16:27:02.261 DEBUG 14064 --- [http-nio-8080-exec-3] o.s.web.servlet.DispatcherServlet        : Failed to complete request: javax.servlet.ServletException: No adapter for handler [com.prakash.docker.service.controller.DummyController@4d5d89b4]: The DispatcherServlet configuration needs to include a HandlerAdapter that supports this handler
2020-08-18 16:27:02.359 ERROR 14064 --- [http-nio-8080-exec-3] o.a.c.c.C.[.[.[/].[dispatcherServlet]    : Servlet.service() for servlet [dispatcherServlet] in context with path [] threw exception [No adapter for handler [com.prakash.docker.service.controller.DummyController@4d5d89b4]: The DispatcherServlet configuration needs to include a HandlerAdapter that supports this handler] with root cause

javax.servlet.ServletException: No adapter for handler [com.prakash.docker.service.controller.DummyController@4d5d89b4]: The DispatcherServlet configuration needs to include a HandlerAdapter that supports this handler
	at org.springframework.web.servlet.DispatcherServlet.getHandlerAdapter(DispatcherServlet.java:1275) ~[spring-webmvc-5.2.3.RELEASE.jar:5.2.3.RELEASE]
	at org.springframework.web.servlet.DispatcherServlet.doDispatch(DispatcherServlet.java:1023) ~[spring-webmvc-5.2.3.RELEASE.jar:5.2.3.RELEASE]
	at org.springframework.web.servlet.DispatcherServlet.doService(DispatcherServlet.java:943) ~[spring-webmvc-5.2.3.RELEASE.jar:5.2.3.RELEASE]
	at org.springframework.web.servlet.FrameworkServlet.processRequest(FrameworkServlet.java:1006) ~[spring-webmvc-5.2.3.RELEASE.jar:5.2.3.RELEASE]
	at org.springframework.web.servlet.FrameworkServlet.doGet(FrameworkServlet.java:898) ~[spring-webmvc-5.2.3.RELEASE.jar:5.2.3.RELEASE]
	at javax.servlet.http.HttpServlet.service(HttpServlet.java:634) ~[tomcat-embed-core-9.0.30.jar:9.0.30]
	at org.springframework.web.servlet.FrameworkServlet.service(FrameworkServlet.java:883) ~[spring-webmvc-5.2.3.RELEASE.jar:5.2.3.RELEASE]
	at javax.servlet.http.HttpServlet.service(HttpServlet.java:741) ~[tomcat-embed-core-9.0.30.jar:9.0.30]
	at org.apache.catalina.core.ApplicationFilterChain.internalDoFilter(ApplicationFilterChain.java:231) ~[tomcat-embed-core-9.0.30.jar:9.0.30]
	at org.apache.catalina.core.ApplicationFilterChain.doFilter(ApplicationFilterChain.java:166) ~[tomcat-embed-core-9.0.30.jar:9.0.30]
	at org.apache.tomcat.websocket.server.WsFilter.doFilter(WsFilter.java:53) ~[tomcat-embed-websocket-9.0.30.jar:9.0.30]
	at org.apache.catalina.core.ApplicationFilterChain.internalDoFilter(ApplicationFilterChain.java:193) ~[tomcat-embed-core-9.0.30.jar:9.0.30]
	at org.apache.catalina.core.ApplicationFilterChain.doFilter(ApplicationFilterChain.java:166) ~[tomcat-embed-core-9.0.30.jar:9.0.30]
	at org.springframework.web.filter.RequestContextFilter.doFilterInternal(RequestContextFilter.java:100) ~[spring-web-5.2.3.RELEASE.jar:5.2.3.RELEASE]
	at org.springframework.web.filter.OncePerRequestFilter.doFilter(OncePerRequestFilter.java:119) ~[spring-web-5.2.3.RELEASE.jar:5.2.3.RELEASE]
	at org.apache.catalina.core.ApplicationFilterChain.internalDoFilter(ApplicationFilterChain.java:193) ~[tomcat-embed-core-9.0.30.jar:9.0.30]
	at org.apache.catalina.core.ApplicationFilterChain.doFilter(ApplicationFilterChain.java:166) ~[tomcat-embed-core-9.0.30.jar:9.0.30]
	at org.springframework.web.filter.FormContentFilter.doFilterInternal(FormContentFilter.java:93) ~[spring-web-5.2.3.RELEASE.jar:5.2.3.RELEASE]
	at org.springframework.web.filter.OncePerRequestFilter.doFilter(OncePerRequestFilter.java:119) ~[spring-web-5.2.3.RELEASE.jar:5.2.3.RELEASE]
	at org.apache.catalina.core.ApplicationFilterChain.internalDoFilter(ApplicationFilterChain.java:193) ~[tomcat-embed-core-9.0.30.jar:9.0.30]
	at org.apache.catalina.core.ApplicationFilterChain.doFilter(ApplicationFilterChain.java:166) ~[tomcat-embed-core-9.0.30.jar:9.0.30]
	at org.springframework.web.filter.CharacterEncodingFilter.doFilterInternal(CharacterEncodingFilter.java:201) ~[spring-web-5.2.3.RELEASE.jar:5.2.3.RELEASE]
	at org.springframework.web.filter.OncePerRequestFilter.doFilter(OncePerRequestFilter.java:119) ~[spring-web-5.2.3.RELEASE.jar:5.2.3.RELEASE]
	at org.apache.catalina.core.ApplicationFilterChain.internalDoFilter(ApplicationFilterChain.java:193) ~[tomcat-embed-core-9.0.30.jar:9.0.30]
	at org.apache.catalina.core.ApplicationFilterChain.doFilter(ApplicationFilterChain.java:166) ~[tomcat-embed-core-9.0.30.jar:9.0.30]
	at org.apache.catalina.core.StandardWrapperValve.invoke(StandardWrapperValve.java:202) ~[tomcat-embed-core-9.0.30.jar:9.0.30]
	at org.apache.catalina.core.StandardContextValve.invoke(StandardContextValve.java:96) ~[tomcat-embed-core-9.0.30.jar:9.0.30]
	at org.apache.catalina.authenticator.AuthenticatorBase.invoke(AuthenticatorBase.java:541) ~[tomcat-embed-core-9.0.30.jar:9.0.30]
	at org.apache.catalina.core.StandardHostValve.invoke(StandardHostValve.java:139) ~[tomcat-embed-core-9.0.30.jar:9.0.30]
	at org.apache.catalina.valves.ErrorReportValve.invoke(ErrorReportValve.java:92) ~[tomcat-embed-core-9.0.30.jar:9.0.30]
	at org.apache.catalina.core.StandardEngineValve.invoke(StandardEngineValve.java:74) ~[tomcat-embed-core-9.0.30.jar:9.0.30]
	at org.apache.catalina.connector.CoyoteAdapter.service(CoyoteAdapter.java:343) ~[tomcat-embed-core-9.0.30.jar:9.0.30]
	at org.apache.coyote.http11.Http11Processor.service(Http11Processor.java:367) ~[tomcat-embed-core-9.0.30.jar:9.0.30]
	at org.apache.coyote.AbstractProcessorLight.process(AbstractProcessorLight.java:65) ~[tomcat-embed-core-9.0.30.jar:9.0.30]
	at org.apache.coyote.AbstractProtocol$ConnectionHandler.process(AbstractProtocol.java:860) ~[tomcat-embed-core-9.0.30.jar:9.0.30]
	at org.apache.tomcat.util.net.NioEndpoint$SocketProcessor.doRun(NioEndpoint.java:1598) ~[tomcat-embed-core-9.0.30.jar:9.0.30]
	at org.apache.tomcat.util.net.SocketProcessorBase.run(SocketProcessorBase.java:49) ~[tomcat-embed-core-9.0.30.jar:9.0.30]
	at java.base/java.util.concurrent.ThreadPoolExecutor.runWorker(ThreadPoolExecutor.java:1128) ~[na:na]
	at java.base/java.util.concurrent.ThreadPoolExecutor$Worker.run(ThreadPoolExecutor.java:628) ~[na:na]
	at org.apache.tomcat.util.threads.TaskThread$WrappingRunnable.run(TaskThread.java:61) ~[tomcat-embed-core-9.0.30.jar:9.0.30]
	at java.base/java.lang.Thread.run(Thread.java:830) ~[na:na]

2020-08-18 16:27:02.361 DEBUG 14064 --- [http-nio-8080-exec-3] o.s.web.servlet.DispatcherServlet        : "ERROR" dispatch for GET "/error", parameters={}
2020-08-18 16:27:02.363 DEBUG 14064 --- [http-nio-8080-exec-3] s.w.s.m.m.a.RequestMappingHandlerMapping : Mapped to org.springframework.boot.autoconfigure.web.servlet.error.BasicErrorController#errorHtml(HttpServletRequest, HttpServletResponse)
2020-08-18 16:27:02.382 DEBUG 14064 --- [http-nio-8080-exec-3] o.s.w.s.v.ContentNegotiatingViewResolver : Selected 'text/html' given [text/html, text/html;q=0.8]
2020-08-18 16:27:02.386 DEBUG 14064 --- [http-nio-8080-exec-3] o.s.web.servlet.DispatcherServlet        : Exiting from "ERROR" dispatch, status 500
2020-08-18 16:29:12.199  INFO 20634 --- [main] com.prakash.docker.service.Applicattion  : Starting Applicattion on ubuntu with PID 20634 (/home/prakash-test/java-project/microservice-docker-k8s/microservice-1/target/classes started by prakash-test in /home/prakash-test/java-project/microservice-docker-k8s/microservice-1)
2020-08-18 16:29:12.249 DEBUG 20634 --- [main] com.prakash.docker.service.Applicattion  : Running with Spring Boot v2.2.4.RELEASE, Spring v5.2.3.RELEASE
2020-08-18 16:29:12.274  INFO 20634 --- [main] com.prakash.docker.service.Applicattion  : No active profile set, falling back to default profiles: default
2020-08-18 16:29:18.322  INFO 20634 --- [main] o.s.b.w.embedded.tomcat.TomcatWebServer  : Tomcat initialized with port(s): 8080 (http)
2020-08-18 16:29:18.369  INFO 20634 --- [main] o.apache.catalina.core.StandardService   : Starting service [Tomcat]
2020-08-18 16:29:18.376  INFO 20634 --- [main] org.apache.catalina.core.StandardEngine  : Starting Servlet engine: [Apache Tomcat/9.0.30]
2020-08-18 16:29:18.836  INFO 20634 --- [main] o.a.c.c.C.[Tomcat].[localhost].[/]       : Initializing Spring embedded WebApplicationContext
2020-08-18 16:29:18.838 DEBUG 20634 --- [main] o.s.web.context.ContextLoader            : Published root WebApplicationContext as ServletContext attribute with name [org.springframework.web.context.WebApplicationContext.ROOT]
2020-08-18 16:29:18.840  INFO 20634 --- [main] o.s.web.context.ContextLoader            : Root WebApplicationContext: initialization completed in 6194 ms
2020-08-18 16:30:48.878  INFO 20634 --- [main] o.s.s.concurrent.ThreadPoolTaskExecutor  : Initializing ExecutorService 'applicationTaskExecutor'
2020-08-18 16:30:48.986 DEBUG 20634 --- [main] s.w.s.m.m.a.RequestMappingHandlerAdapter : ControllerAdvice beans: 0 @ModelAttribute, 0 @InitBinder, 1 RequestBodyAdvice, 1 ResponseBodyAdvice
2020-08-18 16:30:50.405 DEBUG 20634 --- [main] s.w.s.m.m.a.RequestMappingHandlerMapping : 4 mappings in 'requestMappingHandlerMapping'
2020-08-18 16:30:50.437 DEBUG 20634 --- [main] o.s.w.s.h.BeanNameUrlHandlerMapping      : Detected 1 mappings in 'beanNameHandlerMapping'
2020-08-18 16:30:50.763 DEBUG 20634 --- [main] o.s.w.s.handler.SimpleUrlHandlerMapping  : Patterns [/webjars/**, /**] in 'resourceHandlerMapping'
2020-08-18 16:30:50.780 DEBUG 20634 --- [main] .m.m.a.ExceptionHandlerExceptionResolver : ControllerAdvice beans: 0 @ExceptionHandler, 1 ResponseBodyAdvice
2020-08-18 16:30:51.910  INFO 20634 --- [main] o.s.b.w.embedded.tomcat.TomcatWebServer  : Tomcat started on port(s): 8080 (http) with context path ''
2020-08-18 16:30:52.002  INFO 20634 --- [main] com.prakash.docker.service.Applicattion  : Started Applicattion in 102.052 seconds (JVM running for 106.043)
2020-08-18 16:31:02.229  INFO 20634 --- [http-nio-8080-exec-1] o.a.c.c.C.[Tomcat].[localhost].[/]       : Initializing Spring DispatcherServlet 'dispatcherServlet'
2020-08-18 16:31:02.320  INFO 20634 --- [http-nio-8080-exec-1] o.s.web.servlet.DispatcherServlet        : Initializing Servlet 'dispatcherServlet'
2020-08-18 16:31:02.321 DEBUG 20634 --- [http-nio-8080-exec-1] o.s.web.servlet.DispatcherServlet        : Detected StandardServletMultipartResolver
2020-08-18 16:31:02.542 DEBUG 20634 --- [http-nio-8080-exec-1] o.s.web.servlet.DispatcherServlet        : enableLoggingRequestDetails='false': request parameters and headers will be masked to prevent unsafe logging of potentially sensitive data
2020-08-18 16:31:02.548  INFO 20634 --- [http-nio-8080-exec-1] o.s.web.servlet.DispatcherServlet        : Completed initialization in 228 ms
2020-08-18 16:31:02.672 DEBUG 20634 --- [http-nio-8080-exec-1] o.s.web.servlet.DispatcherServlet        : GET "/v1/api", parameters={}
2020-08-18 16:31:02.719 DEBUG 20634 --- [http-nio-8080-exec-1] o.s.w.s.h.BeanNameUrlHandlerMapping      : Mapped to com.prakash.docker.service.controller.DummyController@192ce86d
2020-08-18 16:31:02.724 DEBUG 20634 --- [http-nio-8080-exec-1] o.s.web.servlet.DispatcherServlet        : Failed to complete request: javax.servlet.ServletException: No adapter for handler [com.prakash.docker.service.controller.DummyController@192ce86d]: The DispatcherServlet configuration needs to include a HandlerAdapter that supports this handler
2020-08-18 16:31:02.819 ERROR 20634 --- [http-nio-8080-exec-1] o.a.c.c.C.[.[.[/].[dispatcherServlet]    : Servlet.service() for servlet [dispatcherServlet] in context with path [] threw exception [No adapter for handler [com.prakash.docker.service.controller.DummyController@192ce86d]: The DispatcherServlet configuration needs to include a HandlerAdapter that supports this handler] with root cause

javax.servlet.ServletException: No adapter for handler [com.prakash.docker.service.controller.DummyController@192ce86d]: The DispatcherServlet configuration needs to include a HandlerAdapter that supports this handler
	at org.springframework.web.servlet.DispatcherServlet.getHandlerAdapter(DispatcherServlet.java:1275) ~[spring-webmvc-5.2.3.RELEASE.jar:5.2.3.RELEASE]
	at org.springframework.web.servlet.DispatcherServlet.doDispatch(DispatcherServlet.java:1023) ~[spring-webmvc-5.2.3.RELEASE.jar:5.2.3.RELEASE]
	at org.springframework.web.servlet.DispatcherServlet.doService(DispatcherServlet.java:943) ~[spring-webmvc-5.2.3.RELEASE.jar:5.2.3.RELEASE]
	at org.springframework.web.servlet.FrameworkServlet.processRequest(FrameworkServlet.java:1006) ~[spring-webmvc-5.2.3.RELEASE.jar:5.2.3.RELEASE]
	at org.springframework.web.servlet.FrameworkServlet.doGet(FrameworkServlet.java:898) ~[spring-webmvc-5.2.3.RELEASE.jar:5.2.3.RELEASE]
	at javax.servlet.http.HttpServlet.service(HttpServlet.java:634) ~[tomcat-embed-core-9.0.30.jar:9.0.30]
	at org.springframework.web.servlet.FrameworkServlet.service(FrameworkServlet.java:883) ~[spring-webmvc-5.2.3.RELEASE.jar:5.2.3.RELEASE]
	at javax.servlet.http.HttpServlet.service(HttpServlet.java:741) ~[tomcat-embed-core-9.0.30.jar:9.0.30]
	at org.apache.catalina.core.ApplicationFilterChain.internalDoFilter(ApplicationFilterChain.java:231) ~[tomcat-embed-core-9.0.30.jar:9.0.30]
	at org.apache.catalina.core.ApplicationFilterChain.doFilter(ApplicationFilterChain.java:166) ~[tomcat-embed-core-9.0.30.jar:9.0.30]
	at org.apache.tomcat.websocket.server.WsFilter.doFilter(WsFilter.java:53) ~[tomcat-embed-websocket-9.0.30.jar:9.0.30]
	at org.apache.catalina.core.ApplicationFilterChain.internalDoFilter(ApplicationFilterChain.java:193) ~[tomcat-embed-core-9.0.30.jar:9.0.30]
	at org.apache.catalina.core.ApplicationFilterChain.doFilter(ApplicationFilterChain.java:166) ~[tomcat-embed-core-9.0.30.jar:9.0.30]
	at org.springframework.web.filter.RequestContextFilter.doFilterInternal(RequestContextFilter.java:100) ~[spring-web-5.2.3.RELEASE.jar:5.2.3.RELEASE]
	at org.springframework.web.filter.OncePerRequestFilter.doFilter(OncePerRequestFilter.java:119) ~[spring-web-5.2.3.RELEASE.jar:5.2.3.RELEASE]
	at org.apache.catalina.core.ApplicationFilterChain.internalDoFilter(ApplicationFilterChain.java:193) ~[tomcat-embed-core-9.0.30.jar:9.0.30]
	at org.apache.catalina.core.ApplicationFilterChain.doFilter(ApplicationFilterChain.java:166) ~[tomcat-embed-core-9.0.30.jar:9.0.30]
	at org.springframework.web.filter.FormContentFilter.doFilterInternal(FormContentFilter.java:93) ~[spring-web-5.2.3.RELEASE.jar:5.2.3.RELEASE]
	at org.springframework.web.filter.OncePerRequestFilter.doFilter(OncePerRequestFilter.java:119) ~[spring-web-5.2.3.RELEASE.jar:5.2.3.RELEASE]
	at org.apache.catalina.core.ApplicationFilterChain.internalDoFilter(ApplicationFilterChain.java:193) ~[tomcat-embed-core-9.0.30.jar:9.0.30]
	at org.apache.catalina.core.ApplicationFilterChain.doFilter(ApplicationFilterChain.java:166) ~[tomcat-embed-core-9.0.30.jar:9.0.30]
	at org.springframework.web.filter.CharacterEncodingFilter.doFilterInternal(CharacterEncodingFilter.java:201) ~[spring-web-5.2.3.RELEASE.jar:5.2.3.RELEASE]
	at org.springframework.web.filter.OncePerRequestFilter.doFilter(OncePerRequestFilter.java:119) ~[spring-web-5.2.3.RELEASE.jar:5.2.3.RELEASE]
	at org.apache.catalina.core.ApplicationFilterChain.internalDoFilter(ApplicationFilterChain.java:193) ~[tomcat-embed-core-9.0.30.jar:9.0.30]
	at org.apache.catalina.core.ApplicationFilterChain.doFilter(ApplicationFilterChain.java:166) ~[tomcat-embed-core-9.0.30.jar:9.0.30]
	at org.apache.catalina.core.StandardWrapperValve.invoke(StandardWrapperValve.java:202) ~[tomcat-embed-core-9.0.30.jar:9.0.30]
	at org.apache.catalina.core.StandardContextValve.invoke(StandardContextValve.java:96) ~[tomcat-embed-core-9.0.30.jar:9.0.30]
	at org.apache.catalina.authenticator.AuthenticatorBase.invoke(AuthenticatorBase.java:541) ~[tomcat-embed-core-9.0.30.jar:9.0.30]
	at org.apache.catalina.core.StandardHostValve.invoke(StandardHostValve.java:139) ~[tomcat-embed-core-9.0.30.jar:9.0.30]
	at org.apache.catalina.valves.ErrorReportValve.invoke(ErrorReportValve.java:92) ~[tomcat-embed-core-9.0.30.jar:9.0.30]
	at org.apache.catalina.core.StandardEngineValve.invoke(StandardEngineValve.java:74) ~[tomcat-embed-core-9.0.30.jar:9.0.30]
	at org.apache.catalina.connector.CoyoteAdapter.service(CoyoteAdapter.java:343) ~[tomcat-embed-core-9.0.30.jar:9.0.30]
	at org.apache.coyote.http11.Http11Processor.service(Http11Processor.java:367) ~[tomcat-embed-core-9.0.30.jar:9.0.30]
	at org.apache.coyote.AbstractProcessorLight.process(AbstractProcessorLight.java:65) ~[tomcat-embed-core-9.0.30.jar:9.0.30]
	at org.apache.coyote.AbstractProtocol$ConnectionHandler.process(AbstractProtocol.java:860) ~[tomcat-embed-core-9.0.30.jar:9.0.30]
	at org.apache.tomcat.util.net.NioEndpoint$SocketProcessor.doRun(NioEndpoint.java:1598) ~[tomcat-embed-core-9.0.30.jar:9.0.30]
	at org.apache.tomcat.util.net.SocketProcessorBase.run(SocketProcessorBase.java:49) ~[tomcat-embed-core-9.0.30.jar:9.0.30]
	at java.base/java.util.concurrent.ThreadPoolExecutor.runWorker(ThreadPoolExecutor.java:1128) ~[na:na]
	at java.base/java.util.concurrent.ThreadPoolExecutor$Worker.run(ThreadPoolExecutor.java:628) ~[na:na]
	at org.apache.tomcat.util.threads.TaskThread$WrappingRunnable.run(TaskThread.java:61) ~[tomcat-embed-core-9.0.30.jar:9.0.30]
	at java.base/java.lang.Thread.run(Thread.java:830) ~[na:na]

2020-08-18 16:31:02.869 DEBUG 20634 --- [http-nio-8080-exec-1] o.s.web.servlet.DispatcherServlet        : "ERROR" dispatch for GET "/error", parameters={}
2020-08-18 16:31:02.900 DEBUG 20634 --- [http-nio-8080-exec-1] s.w.s.m.m.a.RequestMappingHandlerMapping : Mapped to org.springframework.boot.autoconfigure.web.servlet.error.BasicErrorController#errorHtml(HttpServletRequest, HttpServletResponse)
2020-08-18 16:31:03.521 DEBUG 20634 --- [http-nio-8080-exec-1] o.s.w.s.v.ContentNegotiatingViewResolver : Selected 'text/html' given [text/html, text/html;q=0.8]
2020-08-18 16:31:03.632 DEBUG 20634 --- [http-nio-8080-exec-1] o.s.web.servlet.DispatcherServlet        : Exiting from "ERROR" dispatch, status 500
2020-08-18 16:34:04.803  INFO 26100 --- [main] com.prakash.docker.service.Applicattion  : Starting Applicattion on ubuntu with PID 26100 (/home/prakash-test/java-project/microservice-docker-k8s/microservice-1/target/classes started by prakash-test in /home/prakash-test/java-project/microservice-docker-k8s/microservice-1)
2020-08-18 16:34:04.809 DEBUG 26100 --- [main] com.prakash.docker.service.Applicattion  : Running with Spring Boot v2.2.4.RELEASE, Spring v5.2.3.RELEASE
2020-08-18 16:34:04.815  INFO 26100 --- [main] com.prakash.docker.service.Applicattion  : No active profile set, falling back to default profiles: default
2020-08-18 16:34:07.148  INFO 26100 --- [main] o.s.b.w.embedded.tomcat.TomcatWebServer  : Tomcat initialized with port(s): 8080 (http)
2020-08-18 16:34:07.198  INFO 26100 --- [main] o.apache.catalina.core.StandardService   : Starting service [Tomcat]
2020-08-18 16:34:07.202  INFO 26100 --- [main] org.apache.catalina.core.StandardEngine  : Starting Servlet engine: [Apache Tomcat/9.0.30]
2020-08-18 16:34:07.693  INFO 26100 --- [main] o.a.c.c.C.[Tomcat].[localhost].[/]       : Initializing Spring embedded WebApplicationContext
2020-08-18 16:34:07.694 DEBUG 26100 --- [main] o.s.web.context.ContextLoader            : Published root WebApplicationContext as ServletContext attribute with name [org.springframework.web.context.WebApplicationContext.ROOT]
2020-08-18 16:34:07.696  INFO 26100 --- [main] o.s.web.context.ContextLoader            : Root WebApplicationContext: initialization completed in 2576 ms
2020-08-18 16:34:08.279  INFO 26100 --- [main] o.s.s.concurrent.ThreadPoolTaskExecutor  : Initializing ExecutorService 'applicationTaskExecutor'
2020-08-18 16:34:08.300 DEBUG 26100 --- [main] s.w.s.m.m.a.RequestMappingHandlerAdapter : ControllerAdvice beans: 0 @ModelAttribute, 0 @InitBinder, 1 RequestBodyAdvice, 1 ResponseBodyAdvice
2020-08-18 16:34:08.459 DEBUG 26100 --- [main] s.w.s.m.m.a.RequestMappingHandlerMapping : 4 mappings in 'requestMappingHandlerMapping'
2020-08-18 16:34:08.524 DEBUG 26100 --- [main] o.s.w.s.handler.SimpleUrlHandlerMapping  : Patterns [/webjars/**, /**] in 'resourceHandlerMapping'
2020-08-18 16:34:08.552 DEBUG 26100 --- [main] .m.m.a.ExceptionHandlerExceptionResolver : ControllerAdvice beans: 0 @ExceptionHandler, 1 ResponseBodyAdvice
2020-08-18 16:34:08.879  INFO 26100 --- [main] o.s.b.w.embedded.tomcat.TomcatWebServer  : Tomcat started on port(s): 8080 (http) with context path ''
2020-08-18 16:34:08.892  INFO 26100 --- [main] com.prakash.docker.service.Applicattion  : Started Applicattion in 5.485 seconds (JVM running for 6.892)
2020-08-18 16:34:16.136  INFO 26100 --- [http-nio-8080-exec-2] o.a.c.c.C.[Tomcat].[localhost].[/]       : Initializing Spring DispatcherServlet 'dispatcherServlet'
2020-08-18 16:34:16.141  INFO 26100 --- [http-nio-8080-exec-2] o.s.web.servlet.DispatcherServlet        : Initializing Servlet 'dispatcherServlet'
2020-08-18 16:34:16.143 DEBUG 26100 --- [http-nio-8080-exec-2] o.s.web.servlet.DispatcherServlet        : Detected StandardServletMultipartResolver
2020-08-18 16:34:16.171 DEBUG 26100 --- [http-nio-8080-exec-2] o.s.web.servlet.DispatcherServlet        : enableLoggingRequestDetails='false': request parameters and headers will be masked to prevent unsafe logging of potentially sensitive data
2020-08-18 16:34:16.172  INFO 26100 --- [http-nio-8080-exec-2] o.s.web.servlet.DispatcherServlet        : Completed initialization in 29 ms
2020-08-18 16:34:16.198 DEBUG 26100 --- [http-nio-8080-exec-2] o.s.web.servlet.DispatcherServlet        : GET "/v1/api", parameters={}
2020-08-18 16:34:16.221  WARN 26100 --- [http-nio-8080-exec-2] .w.s.m.s.DefaultHandlerExceptionResolver : Resolved [org.springframework.web.HttpMediaTypeNotSupportedException: Content type '' not supported]
2020-08-18 16:34:16.223 DEBUG 26100 --- [http-nio-8080-exec-2] o.s.web.servlet.DispatcherServlet        : Completed 415 UNSUPPORTED_MEDIA_TYPE
2020-08-18 16:34:16.235 DEBUG 26100 --- [http-nio-8080-exec-2] o.s.web.servlet.DispatcherServlet        : "ERROR" dispatch for GET "/error", parameters={}
2020-08-18 16:34:16.242 DEBUG 26100 --- [http-nio-8080-exec-2] s.w.s.m.m.a.RequestMappingHandlerMapping : Mapped to org.springframework.boot.autoconfigure.web.servlet.error.BasicErrorController#errorHtml(HttpServletRequest, HttpServletResponse)
2020-08-18 16:34:16.299 DEBUG 26100 --- [http-nio-8080-exec-2] o.s.w.s.v.ContentNegotiatingViewResolver : Selected 'text/html' given [text/html, text/html;q=0.8]
2020-08-18 16:34:16.319 DEBUG 26100 --- [http-nio-8080-exec-2] o.s.web.servlet.DispatcherServlet        : Exiting from "ERROR" dispatch, status 415
2020-08-18 16:34:45.284 DEBUG 26100 --- [http-nio-8080-exec-3] o.s.web.servlet.DispatcherServlet        : GET "/v1/api/greet?name=prakash", parameters={masked}
2020-08-18 16:34:45.290 DEBUG 26100 --- [http-nio-8080-exec-3] s.w.s.m.m.a.RequestMappingHandlerMapping : Mapped to com.prakash.docker.service.controller.DummyController#greetPErson(String)
2020-08-18 16:34:45.903 DEBUG 26100 --- [http-nio-8080-exec-3] m.m.a.RequestResponseBodyMethodProcessor : Using 'text/html', given [text/html, application/xhtml+xml, image/webp, image/apng, application/xml;q=0.9, application/signed-exchange;v=b3;q=0.9, */*;q=0.8] and supported [text/plain, */*, text/plain, */*, application/json, application/*+json, application/json, application/*+json]
2020-08-18 16:34:45.905 DEBUG 26100 --- [http-nio-8080-exec-3] m.m.a.RequestResponseBodyMethodProcessor : Writing ["Hello prakash"]
2020-08-18 16:34:45.918 DEBUG 26100 --- [http-nio-8080-exec-3] o.s.web.servlet.DispatcherServlet        : Completed 200 OK
2020-08-18 16:35:15.504  INFO 26100 --- [SpringContextShutdownHook] o.s.s.concurrent.ThreadPoolTaskExecutor  : Shutting down ExecutorService 'applicationTaskExecutor'
2020-08-18 16:35:19.877  INFO 28259 --- [main] com.prakash.docker.service.Applicattion  : Starting Applicattion on ubuntu with PID 28259 (/home/prakash-test/java-project/microservice-docker-k8s/microservice-1/target/classes started by prakash-test in /home/prakash-test/java-project/microservice-docker-k8s/microservice-1)
2020-08-18 16:35:19.910 DEBUG 28259 --- [main] com.prakash.docker.service.Applicattion  : Running with Spring Boot v2.2.4.RELEASE, Spring v5.2.3.RELEASE
2020-08-18 16:35:19.916  INFO 28259 --- [main] com.prakash.docker.service.Applicattion  : No active profile set, falling back to default profiles: default
2020-08-18 16:35:23.000  INFO 28259 --- [main] o.s.b.w.embedded.tomcat.TomcatWebServer  : Tomcat initialized with port(s): 8080 (http)
2020-08-18 16:35:23.040  INFO 28259 --- [main] o.apache.catalina.core.StandardService   : Starting service [Tomcat]
2020-08-18 16:35:23.041  INFO 28259 --- [main] org.apache.catalina.core.StandardEngine  : Starting Servlet engine: [Apache Tomcat/9.0.30]
2020-08-18 16:35:23.654  INFO 28259 --- [main] o.a.c.c.C.[Tomcat].[localhost].[/]       : Initializing Spring embedded WebApplicationContext
2020-08-18 16:35:23.655 DEBUG 28259 --- [main] o.s.web.context.ContextLoader            : Published root WebApplicationContext as ServletContext attribute with name [org.springframework.web.context.WebApplicationContext.ROOT]
2020-08-18 16:35:23.655  INFO 28259 --- [main] o.s.web.context.ContextLoader            : Root WebApplicationContext: initialization completed in 3547 ms
2020-08-18 16:35:24.296  INFO 28259 --- [main] o.s.s.concurrent.ThreadPoolTaskExecutor  : Initializing ExecutorService 'applicationTaskExecutor'
2020-08-18 16:35:24.316 DEBUG 28259 --- [main] s.w.s.m.m.a.RequestMappingHandlerAdapter : ControllerAdvice beans: 0 @ModelAttribute, 0 @InitBinder, 1 RequestBodyAdvice, 1 ResponseBodyAdvice
2020-08-18 16:35:24.624 DEBUG 28259 --- [main] s.w.s.m.m.a.RequestMappingHandlerMapping : 4 mappings in 'requestMappingHandlerMapping'
2020-08-18 16:35:24.789 DEBUG 28259 --- [main] o.s.w.s.handler.SimpleUrlHandlerMapping  : Patterns [/webjars/**, /**] in 'resourceHandlerMapping'
2020-08-18 16:35:24.936 DEBUG 28259 --- [main] .m.m.a.ExceptionHandlerExceptionResolver : ControllerAdvice beans: 0 @ExceptionHandler, 1 ResponseBodyAdvice
2020-08-18 16:35:25.426  INFO 28259 --- [main] o.s.b.w.embedded.tomcat.TomcatWebServer  : Tomcat started on port(s): 8080 (http) with context path ''
2020-08-18 16:35:25.452  INFO 28259 --- [main] com.prakash.docker.service.Applicattion  : Started Applicattion in 8.126 seconds (JVM running for 10.137)
2020-08-18 16:35:30.442  INFO 28259 --- [http-nio-8080-exec-1] o.a.c.c.C.[Tomcat].[localhost].[/]       : Initializing Spring DispatcherServlet 'dispatcherServlet'
2020-08-18 16:35:30.503  INFO 28259 --- [http-nio-8080-exec-1] o.s.web.servlet.DispatcherServlet        : Initializing Servlet 'dispatcherServlet'
2020-08-18 16:35:30.504 DEBUG 28259 --- [http-nio-8080-exec-1] o.s.web.servlet.DispatcherServlet        : Detected StandardServletMultipartResolver
2020-08-18 16:35:30.591 DEBUG 28259 --- [http-nio-8080-exec-1] o.s.web.servlet.DispatcherServlet        : enableLoggingRequestDetails='false': request parameters and headers will be masked to prevent unsafe logging of potentially sensitive data
2020-08-18 16:35:30.592  INFO 28259 --- [http-nio-8080-exec-1] o.s.web.servlet.DispatcherServlet        : Completed initialization in 88 ms
2020-08-18 16:35:30.750 DEBUG 28259 --- [http-nio-8080-exec-1] o.s.web.servlet.DispatcherServlet        : GET "/v1/api/greet?name=prakash", parameters={masked}
2020-08-18 16:35:30.763 DEBUG 28259 --- [http-nio-8080-exec-1] s.w.s.m.m.a.RequestMappingHandlerMapping : Mapped to com.prakash.docker.service.controller.DummyController#greetPErson(String)
2020-08-18 16:35:30.976 DEBUG 28259 --- [http-nio-8080-exec-1] m.m.a.RequestResponseBodyMethodProcessor : Using 'text/html', given [text/html, application/xhtml+xml, image/webp, image/apng, application/xml;q=0.9, application/signed-exchange;v=b3;q=0.9, */*;q=0.8] and supported [text/plain, */*, text/plain, */*, application/json, application/*+json, application/json, application/*+json]
2020-08-18 16:35:30.988 DEBUG 28259 --- [http-nio-8080-exec-1] m.m.a.RequestResponseBodyMethodProcessor : Writing ["Hello prakash"]
2020-08-18 16:35:31.084 DEBUG 28259 --- [http-nio-8080-exec-1] o.s.web.servlet.DispatcherServlet        : Completed 200 OK
2020-08-18 16:35:37.525 DEBUG 28259 --- [http-nio-8080-exec-2] o.s.web.servlet.DispatcherServlet        : GET "/v1/api", parameters={}
2020-08-18 16:35:37.539 DEBUG 28259 --- [http-nio-8080-exec-2] s.w.s.m.m.a.RequestMappingHandlerMapping : Mapped to com.prakash.docker.service.controller.DummyController#greetPErson1()
2020-08-18 16:35:37.541 DEBUG 28259 --- [http-nio-8080-exec-2] m.m.a.RequestResponseBodyMethodProcessor : Using 'application/json;q=0.8', given [text/html, application/xhtml+xml, image/webp, image/apng, application/xml;q=0.9, application/signed-exchange;v=b3;q=0.9, */*;q=0.8] and supported [application/json]
2020-08-18 16:35:37.544 DEBUG 28259 --- [http-nio-8080-exec-2] m.m.a.RequestResponseBodyMethodProcessor : Writing ["Hello "]
2020-08-18 16:35:37.552 DEBUG 28259 --- [http-nio-8080-exec-2] o.s.web.servlet.DispatcherServlet        : Completed 200 OK
2020-08-18 17:11:41.394  INFO 28259 --- [SpringContextShutdownHook] o.s.s.concurrent.ThreadPoolTaskExecutor  : Shutting down ExecutorService 'applicationTaskExecutor'
